{"meta": {"version": "7.2.3", "timestamp": "2023-05-11T18:31:28.875230", "branch_coverage": false, "show_contexts": false}, "files": {"src/helpers.py": {"executed_lines": [1, 4, 5, 6, 7, 8], "summary": {"covered_lines": 6, "num_statements": 6, "percent_covered": 100.0, "percent_covered_display": "100", "missing_lines": 0, "excluded_lines": 0}, "missing_lines": [], "excluded_lines": []}, "src/testing_checks.py": {"executed_lines": [1, 2, 3, 6, 7, 8, 9, 10, 13, 14, 16, 17, 18, 19, 20, 21, 24, 25, 26, 28, 29, 30, 31, 32, 34, 35, 38, 41, 42, 44, 45, 46, 47, 48, 49, 50, 53, 56, 57, 59, 60, 61, 62, 63, 64, 67, 70], "summary": {"covered_lines": 47, "num_statements": 47, "percent_covered": 100.0, "percent_covered_display": "100", "missing_lines": 0, "excluded_lines": 0}, "missing_lines": [], "excluded_lines": []}, "src/tests/__init__.py": {"executed_lines": [1], "summary": {"covered_lines": 0, "num_statements": 0, "percent_covered": 100.0, "percent_covered_display": "100", "missing_lines": 0, "excluded_lines": 0}, "missing_lines": [], "excluded_lines": []}, "src/tests/test_itzma.py": {"executed_lines": [1, 2, 3, 4, 7, 8, 9, 10, 11, 18, 19, 24, 25, 26, 27, 28, 29, 30, 36, 37, 42, 43, 44, 45, 46, 47, 48, 54, 55, 60, 61, 62, 63, 64, 65, 66, 72, 73, 78, 79, 80, 81, 82, 83, 84, 91, 92, 93, 98, 99, 100, 101, 102, 103, 104, 105, 106, 107, 115], "summary": {"covered_lines": 59, "num_statements": 60, "percent_covered": 98.33333333333333, "percent_covered_display": "98", "missing_lines": 1, "excluded_lines": 0}, "missing_lines": [116], "excluded_lines": []}}, "totals": {"covered_lines": 112, "num_statements": 113, "percent_covered": 99.11504424778761, "percent_covered_display": "99", "missing_lines": 1, "excluded_lines": 0}}